[INFO] Scanning for projects...
[INFO] Reactor build order: 
[INFO]   Code2HTML
[INFO]   AntTask
[INFO]   AppletArchitecture
[INFO]   Applet factory
[INFO]   ToolBox
[INFO]   DevEntreprise Plugin
[INFO]   Devpartner Plugin
[INFO]   Generic Parser
[INFO]   Applet Graph
[INFO]   ImportExport
[INFO]   MetricExtractor
[INFO]   Metrics Generation
[INFO]   AdvisorPlugin
[INFO]   ParserConnector
[INFO]   PmdFormatter
[INFO]   Applet ScatterPlot
[INFO]   Security
[INFO]   UserMgmt
[INFO]   SecurityViewer
[INFO]   XmlCalcul
[INFO]   CaqsWorkFlow
[INFO]   Caqs
[INFO]   CAQS Solution
[INFO] ------------------------------------------------------------------------
[INFO] Building Code2HTML
[INFO]    task-segment: [install]
[INFO] ------------------------------------------------------------------------
[INFO] [resources:resources {execution: default-resources}]
[WARNING] Using platform encoding (Cp1252 actually) to copy filtered resources, i.e. build is platform dependent!
[INFO] skip non existing resourceDirectory D:\projects\CAQS\Development\Src\Sandbox\Code2HTML\src\main\resources
Downloading: http://repo1.maven.org/maven2/gnu/gnu-regexp/1.1.4/gnu-regexp-1.1.4.pom
[INFO] Unable to find resource 'gnu:gnu-regexp:pom:1.1.4' in repository central (http://repo1.maven.org/maven2)
Downloading: http://repo1.maven.org/maven2/microstar/microstar-xml/1.4.0/microstar-xml-1.4.0.pom
[INFO] Unable to find resource 'microstar:microstar-xml:pom:1.4.0' in repository central (http://repo1.maven.org/maven2)
[INFO] [compiler:compile {execution: default-compile}]
[INFO] Nothing to compile - all classes are up to date
[INFO] [resources:testResources {execution: default-testResources}]
[WARNING] Using platform encoding (Cp1252 actually) to copy filtered resources, i.e. build is platform dependent!
[INFO] skip non existing resourceDirectory D:\projects\CAQS\Development\Src\Sandbox\Code2HTML\src\test\resources
[INFO] [compiler:testCompile {execution: default-testCompile}]
[INFO] No sources to compile
[INFO] [surefire:test {execution: default-test}]
[INFO] No tests to run.
[INFO] [jar:jar {execution: default-jar}]
[INFO] [install:install {execution: default-install}]
[INFO] Installing D:\projects\CAQS\Development\Src\Sandbox\Code2HTML\target\code2html-1.0.jar to C:\Users\cwfr-lizac\.m2\repository\caqs\code2html\1.0\code2html-1.0.jar
[INFO] ------------------------------------------------------------------------
[INFO] Building AntTask
[INFO]    task-segment: [install]
[INFO] ------------------------------------------------------------------------
[INFO] [resources:resources {execution: default-resources}]
[WARNING] Using platform encoding (Cp1252 actually) to copy filtered resources, i.e. build is platform dependent!
[INFO] skip non existing resourceDirectory D:\projects\CAQS\Development\Src\AntTask\src\main\resources
[INFO] [compiler:compile {execution: default-compile}]
[INFO] Nothing to compile - all classes are up to date
[INFO] [resources:testResources {execution: default-testResources}]
[WARNING] Using platform encoding (Cp1252 actually) to copy filtered resources, i.e. build is platform dependent!
[INFO] skip non existing resourceDirectory D:\projects\CAQS\Development\Src\AntTask\src\test\resources
[INFO] [compiler:testCompile {execution: default-testCompile}]
[INFO] No sources to compile
[INFO] [surefire:test {execution: default-test}]
[INFO] No tests to run.
[INFO] [jar:jar {execution: default-jar}]
[INFO] [install:install {execution: default-install}]
[INFO] Installing D:\projects\CAQS\Development\Src\AntTask\target\anttask-1.3.jar to C:\Users\cwfr-lizac\.m2\repository\caqs\anttask\1.3\anttask-1.3.jar
[INFO] ------------------------------------------------------------------------
[INFO] Building AppletArchitecture
[INFO]    task-segment: [install]
[INFO] ------------------------------------------------------------------------
[INFO] [resources:resources {execution: default-resources}]
[WARNING] Using platform encoding (Cp1252 actually) to copy filtered resources, i.e. build is platform dependent!
[INFO] Copying 16 resources
[INFO] Copying 2 resources
[INFO] [compiler:compile {execution: default-compile}]
[INFO] Nothing to compile - all classes are up to date
[INFO] [resources:testResources {execution: default-testResources}]
[WARNING] Using platform encoding (Cp1252 actually) to copy filtered resources, i.e. build is platform dependent!
[INFO] skip non existing resourceDirectory D:\projects\CAQS\Development\Src\AppletArchitecture\src\test\resources
[INFO] [compiler:testCompile {execution: default-testCompile}]
[INFO] No sources to compile
[INFO] [surefire:test {execution: default-test}]
[INFO] No tests to run.
[INFO] [jar:jar {execution: default-jar}]
[INFO] [install:install {execution: default-install}]
[INFO] Installing D:\projects\CAQS\Development\Src\AppletArchitecture\target\architecture-applet-4.5.jar to C:\Users\cwfr-lizac\.m2\repository\caqs\architecture-applet\4.5\architecture-applet-4.5.jar
[INFO] ------------------------------------------------------------------------
[INFO] Building Applet factory
[INFO]    task-segment: [install]
[INFO] ------------------------------------------------------------------------
[INFO] [resources:resources {execution: default-resources}]
[WARNING] Using platform encoding (Cp1252 actually) to copy filtered resources, i.e. build is platform dependent!
[INFO] skip non existing resourceDirectory D:\projects\CAQS\Development\Src\AppletFactory\src\main\images
[INFO] Copying 3 resources
[INFO] [compiler:compile {execution: default-compile}]
[INFO] Nothing to compile - all classes are up to date
[INFO] [resources:testResources {execution: default-testResources}]
[WARNING] Using platform encoding (Cp1252 actually) to copy filtered resources, i.e. build is platform dependent!
[INFO] skip non existing resourceDirectory D:\projects\CAQS\Development\Src\AppletFactory\src\test\resources
[INFO] [compiler:testCompile {execution: default-testCompile}]
[INFO] No sources to compile
[INFO] [surefire:test {execution: default-test}]
[INFO] No tests to run.
[INFO] [jar:jar {execution: default-jar}]
[INFO] [install:install {execution: default-install}]
[INFO] Installing D:\projects\CAQS\Development\Src\AppletFactory\target\applet-factory-4.5.jar to C:\Users\cwfr-lizac\.m2\repository\caqs\applet-factory\4.5\applet-factory-4.5.jar
[INFO] ------------------------------------------------------------------------
[INFO] Building ToolBox
[INFO]    task-segment: [install]
[INFO] ------------------------------------------------------------------------
[INFO] [resources:resources {execution: default-resources}]
[WARNING] Using platform encoding (Cp1252 actually) to copy filtered resources, i.e. build is platform dependent!
[INFO] skip non existing resourceDirectory D:\projects\CAQS\Development\Src\ToolBox\src\main\images
[INFO] skip non existing resourceDirectory D:\projects\CAQS\Development\Src\ToolBox\src\main\resources
[INFO] [compiler:compile {execution: default-compile}]
[INFO] Nothing to compile - all classes are up to date
[INFO] [resources:testResources {execution: default-testResources}]
[WARNING] Using platform encoding (Cp1252 actually) to copy filtered resources, i.e. build is platform dependent!
[INFO] skip non existing resourceDirectory D:\projects\CAQS\Development\Src\ToolBox\src\test\resources
[INFO] [compiler:testCompile {execution: default-testCompile}]
[INFO] Nothing to compile - all classes are up to date
[INFO] [surefire:test {execution: default-test}]
[INFO] Surefire report directory: D:\projects\CAQS\Development\Src\ToolBox\target\surefire-reports

-------------------------------------------------------
 T E S T S
-------------------------------------------------------
Running com.compuware.toolbox.util.HashMapUtilsTest
Tests run: 1, Failures: 0, Errors: 0, Skipped: 0, Time elapsed: 0.162 sec
Running com.compuware.toolbox.util.xml.FonctionsParserTest
Tests run: 8, Failures: 0, Errors: 0, Skipped: 0, Time elapsed: 0.844 sec
Running com.compuware.toolbox.util.StringUtilsTest
Tests run: 4, Failures: 0, Errors: 0, Skipped: 0, Time elapsed: 0.011 sec

Results :

Tests run: 13, Failures: 0, Errors: 0, Skipped: 0

[INFO] [jar:jar {execution: default-jar}]
[INFO] [install:install {execution: default-install}]
[INFO] Installing D:\projects\CAQS\Development\Src\ToolBox\target\toolbox-4.5.jar to C:\Users\cwfr-lizac\.m2\repository\caqs\toolbox\4.5\toolbox-4.5.jar
[INFO] ------------------------------------------------------------------------
[INFO] Building DevEntreprise Plugin
[INFO]    task-segment: [install]
[INFO] ------------------------------------------------------------------------
[INFO] [resources:resources {execution: default-resources}]
[WARNING] Using platform encoding (Cp1252 actually) to copy filtered resources, i.e. build is platform dependent!
[INFO] Copying 0 resource
Downloading: http://repo1.maven.org/maven2/sqljdbc/sqljdbc/1.2/sqljdbc-1.2.pom
[INFO] Unable to find resource 'sqljdbc:sqljdbc:pom:1.2' in repository central (http://repo1.maven.org/maven2)
[INFO] [compiler:compile {execution: default-compile}]
[INFO] Nothing to compile - all classes are up to date
[INFO] [resources:testResources {execution: default-testResources}]
[WARNING] Using platform encoding (Cp1252 actually) to copy filtered resources, i.e. build is platform dependent!
[INFO] skip non existing resourceDirectory D:\projects\CAQS\Development\Src\DevEntreprisePlugin\src\test\resources
[INFO] [compiler:testCompile {execution: default-testCompile}]
[INFO] No sources to compile
[INFO] [surefire:test {execution: default-test}]
[INFO] No tests to run.
[INFO] [jar:jar {execution: default-jar}]
[INFO] [install:install {execution: default-install}]
[INFO] Installing D:\projects\CAQS\Development\Src\DevEntreprisePlugin\target\deventreprise-plugin-1.0.jar to C:\Users\cwfr-lizac\.m2\repository\caqs\deventreprise-plugin\1.0\deventreprise-plugin-1.0.jar
[INFO] ------------------------------------------------------------------------
[INFO] Building Devpartner Plugin
[INFO]    task-segment: [install]
[INFO] ------------------------------------------------------------------------
[INFO] [resources:resources {execution: default-resources}]
[WARNING] Using platform encoding (Cp1252 actually) to copy filtered resources, i.e. build is platform dependent!
[INFO] Copying 0 resource
[INFO] [compiler:compile {execution: default-compile}]
[INFO] Nothing to compile - all classes are up to date
[INFO] [resources:testResources {execution: default-testResources}]
[WARNING] Using platform encoding (Cp1252 actually) to copy filtered resources, i.e. build is platform dependent!
[INFO] skip non existing resourceDirectory D:\projects\CAQS\Development\Src\DevpartnerPlugin\src\test\resources
[INFO] [compiler:testCompile {execution: default-testCompile}]
[INFO] No sources to compile
[INFO] [surefire:test {execution: default-test}]
[INFO] No tests to run.
[INFO] [jar:jar {execution: default-jar}]
[INFO] [install:install {execution: default-install}]
[INFO] Installing D:\projects\CAQS\Development\Src\DevpartnerPlugin\target\devpartner-plugin-1.3.jar to C:\Users\cwfr-lizac\.m2\repository\caqs\devpartner-plugin\1.3\devpartner-plugin-1.3.jar
[INFO] ------------------------------------------------------------------------
[INFO] Building Generic Parser
[INFO]    task-segment: [install]
[INFO] ------------------------------------------------------------------------
[INFO] [resources:resources {execution: default-resources}]
[WARNING] Using platform encoding (Cp1252 actually) to copy filtered resources, i.e. build is platform dependent!
[INFO] Copying 1 resource
[INFO] [compiler:compile {execution: default-compile}]
[INFO] Nothing to compile - all classes are up to date
[INFO] [resources:testResources {execution: default-testResources}]
[WARNING] Using platform encoding (Cp1252 actually) to copy filtered resources, i.e. build is platform dependent!
[INFO] skip non existing resourceDirectory D:\projects\CAQS\Development\Src\GenericParser\src\test\resources
[INFO] [compiler:testCompile {execution: default-testCompile}]
[INFO] No sources to compile
[INFO] [surefire:test {execution: default-test}]
[INFO] No tests to run.
[INFO] [jar:jar {execution: default-jar}]
[INFO] [install:install {execution: default-install}]
[INFO] Installing D:\projects\CAQS\Development\Src\GenericParser\target\genericparser-1.0.jar to C:\Users\cwfr-lizac\.m2\repository\caqs\genericparser\1.0\genericparser-1.0.jar
[INFO] ------------------------------------------------------------------------
[INFO] Building Applet Graph
[INFO]    task-segment: [install]
[INFO] ------------------------------------------------------------------------
[INFO] [resources:resources {execution: default-resources}]
[WARNING] Using platform encoding (Cp1252 actually) to copy filtered resources, i.e. build is platform dependent!
[INFO] skip non existing resourceDirectory D:\projects\CAQS\Development\Src\GraphApplet\src\main\images
[INFO] Copying 6 resources
Downloading: http://repo1.maven.org/maven2/org/netbeans/org-netbeans-api-visual/2.0/org-netbeans-api-visual-2.0.pom
[INFO] Unable to find resource 'org.netbeans:org-netbeans-api-visual:pom:2.0' in repository central (http://repo1.maven.org/maven2)
Downloading: http://repo1.maven.org/maven2/org/netbeans/org-openide-util/2.0/org-openide-util-2.0.pom
[INFO] Unable to find resource 'org.netbeans:org-openide-util:pom:2.0' in repository central (http://repo1.maven.org/maven2)
[INFO] [compiler:compile {execution: default-compile}]
[INFO] Nothing to compile - all classes are up to date
[INFO] [resources:testResources {execution: default-testResources}]
[WARNING] Using platform encoding (Cp1252 actually) to copy filtered resources, i.e. build is platform dependent!
[INFO] skip non existing resourceDirectory D:\projects\CAQS\Development\Src\GraphApplet\src\test\resources
[INFO] [compiler:testCompile {execution: default-testCompile}]
[INFO] No sources to compile
[INFO] [surefire:test {execution: default-test}]
[INFO] No tests to run.
[INFO] [jar:jar {execution: default-jar}]
[INFO] [jar:sign {execution: default}]
[debug] jarsigner executable=[d:\tools\jdk1.5.0_11\jre\..\bin\jarsigner.exe]
[debug] Executing: cmd.exe /X /C '"d:\tools\jdk1.5.0_11\jre\..\bin\jarsigner.exe -verify D:\projects\CAQS\Development\Src\GraphApplet\target\signed\graph-applet-4.5.jar"'
[info] jar verified.
[info] 
[info] Warning: This jar contains entries whose signer certificate has expired. Re-run with the -verbose and -certs options for more details.
[INFO] JAR D:\projects\CAQS\Development\Src\GraphApplet\target\signed\graph-applet-4.5.jar is already signed. Skipping.
[INFO] [install:install {execution: default-install}]
[INFO] Installing D:\projects\CAQS\Development\Src\GraphApplet\target\graph-applet-4.5.jar to C:\Users\cwfr-lizac\.m2\repository\caqs\graph-applet\4.5\graph-applet-4.5.jar
[INFO] ------------------------------------------------------------------------
[INFO] Building ImportExport
[INFO]    task-segment: [install]
[INFO] ------------------------------------------------------------------------
[INFO] [resources:resources {execution: default-resources}]
[WARNING] Using platform encoding (Cp1252 actually) to copy filtered resources, i.e. build is platform dependent!
[INFO] skip non existing resourceDirectory D:\projects\CAQS\Development\Src\JDBCImporter\src\main\resources
[INFO] [compiler:compile {execution: default-compile}]
[INFO] Nothing to compile - all classes are up to date
[INFO] [resources:testResources {execution: default-testResources}]
[WARNING] Using platform encoding (Cp1252 actually) to copy filtered resources, i.e. build is platform dependent!
[INFO] skip non existing resourceDirectory D:\projects\CAQS\Development\Src\JDBCImporter\src\test\resources
[INFO] [compiler:testCompile {execution: default-testCompile}]
[INFO] No sources to compile
[INFO] [surefire:test {execution: default-test}]
[INFO] No tests to run.
[INFO] [jar:jar {execution: default-jar}]
[INFO] [install:install {execution: default-install}]
[INFO] Installing D:\projects\CAQS\Development\Src\JDBCImporter\target\importExport-1.3.jar to C:\Users\cwfr-lizac\.m2\repository\caqs\importExport\1.3\importExport-1.3.jar
[INFO] ------------------------------------------------------------------------
[INFO] Building MetricExtractor
[INFO]    task-segment: [install]
[INFO] ------------------------------------------------------------------------
[INFO] [resources:resources {execution: default-resources}]
[WARNING] Using platform encoding (Cp1252 actually) to copy filtered resources, i.e. build is platform dependent!
[INFO] skip non existing resourceDirectory D:\projects\CAQS\Development\Src\MetricExtractor\src\main\resources
[INFO] [compiler:compile {execution: default-compile}]
[INFO] Nothing to compile - all classes are up to date
[INFO] [resources:testResources {execution: default-testResources}]
[WARNING] Using platform encoding (Cp1252 actually) to copy filtered resources, i.e. build is platform dependent!
[INFO] skip non existing resourceDirectory D:\projects\CAQS\Development\Src\MetricExtractor\src\test\resources
[INFO] [compiler:testCompile {execution: default-testCompile}]
[INFO] No sources to compile
[INFO] [surefire:test {execution: default-test}]
[INFO] No tests to run.
[INFO] [jar:jar {execution: default-jar}]
[INFO] [install:install {execution: default-install}]
[INFO] Installing D:\projects\CAQS\Development\Src\MetricExtractor\target\metric-extractor-1.0.jar to C:\Users\cwfr-lizac\.m2\repository\caqs\metric-extractor\1.0\metric-extractor-1.0.jar
[INFO] ------------------------------------------------------------------------
[INFO] Building Metrics Generation
[INFO]    task-segment: [install]
[INFO] ------------------------------------------------------------------------
[INFO] [resources:resources {execution: default-resources}]
[WARNING] Using platform encoding (Cp1252 actually) to copy filtered resources, i.e. build is platform dependent!
[INFO] skip non existing resourceDirectory D:\projects\CAQS\Development\Src\MetricGeneration\src\main\resources
[INFO] [compiler:compile {execution: default-compile}]
[INFO] Nothing to compile - all classes are up to date
[INFO] [resources:testResources {execution: default-testResources}]
[WARNING] Using platform encoding (Cp1252 actually) to copy filtered resources, i.e. build is platform dependent!
[INFO] skip non existing resourceDirectory D:\projects\CAQS\Development\Src\MetricGeneration\src\test\resources
[INFO] [compiler:testCompile {execution: default-testCompile}]
[INFO] No sources to compile
[INFO] [surefire:test {execution: default-test}]
[INFO] No tests to run.
[INFO] [jar:jar {execution: default-jar}]
[INFO] [install:install {execution: default-install}]
[INFO] Installing D:\projects\CAQS\Development\Src\MetricGeneration\target\metricgeneration-1.1.jar to C:\Users\cwfr-lizac\.m2\repository\caqs\metricgeneration\1.1\metricgeneration-1.1.jar
[INFO] ------------------------------------------------------------------------
[INFO] Building AdvisorPlugin
[INFO]    task-segment: [install]
[INFO] ------------------------------------------------------------------------
[INFO] [resources:resources {execution: default-resources}]
[WARNING] Using platform encoding (Cp1252 actually) to copy filtered resources, i.e. build is platform dependent!
[INFO] skip non existing resourceDirectory D:\projects\CAQS\Development\Src\OptimalAdvisorPlugin\src\main\resources
[INFO] [compiler:compile {execution: default-compile}]
[INFO] Nothing to compile - all classes are up to date
[INFO] [resources:testResources {execution: default-testResources}]
[WARNING] Using platform encoding (Cp1252 actually) to copy filtered resources, i.e. build is platform dependent!
[INFO] skip non existing resourceDirectory D:\projects\CAQS\Development\Src\OptimalAdvisorPlugin\src\test\resources
[INFO] [compiler:testCompile {execution: default-testCompile}]
[INFO] No sources to compile
[INFO] [surefire:test {execution: default-test}]
[INFO] No tests to run.
[INFO] [jar:jar {execution: default-jar}]
[INFO] [install:install {execution: default-install}]
[INFO] Installing D:\projects\CAQS\Development\Src\OptimalAdvisorPlugin\target\advisorplugin-1.2.jar to C:\Users\cwfr-lizac\.m2\repository\caqs\advisorplugin\1.2\advisorplugin-1.2.jar
[INFO] ------------------------------------------------------------------------
[INFO] Building ParserConnector
[INFO]    task-segment: [install]
[INFO] ------------------------------------------------------------------------
[INFO] [resources:resources {execution: default-resources}]
[WARNING] Using platform encoding (Cp1252 actually) to copy filtered resources, i.e. build is platform dependent!
[INFO] Copying 1 resource
[INFO] [compiler:compile {execution: default-compile}]
[INFO] Nothing to compile - all classes are up to date
[INFO] [resources:testResources {execution: default-testResources}]
[WARNING] Using platform encoding (Cp1252 actually) to copy filtered resources, i.e. build is platform dependent!
[INFO] skip non existing resourceDirectory D:\projects\CAQS\Development\Src\ParserConnector\src\test\resources
[INFO] [compiler:testCompile {execution: default-testCompile}]
[INFO] No sources to compile
[INFO] [surefire:test {execution: default-test}]
[INFO] No tests to run.
[INFO] [jar:jar {execution: default-jar}]
[INFO] [install:install {execution: default-install}]
[INFO] Installing D:\projects\CAQS\Development\Src\ParserConnector\target\parserconnector-1.3.jar to C:\Users\cwfr-lizac\.m2\repository\caqs\parserconnector\1.3\parserconnector-1.3.jar
[INFO] ------------------------------------------------------------------------
[INFO] Building PmdFormatter
[INFO]    task-segment: [install]
[INFO] ------------------------------------------------------------------------
[INFO] [resources:resources {execution: default-resources}]
[WARNING] Using platform encoding (Cp1252 actually) to copy filtered resources, i.e. build is platform dependent!
[INFO] skip non existing resourceDirectory D:\projects\CAQS\Development\Src\PmdFormatter\src\main\resources
Downloading: http://repo1.maven.org/maven2/jaxen/jaxen/1.1-beta-10/jaxen-1.1-beta-10.pom
[INFO] Unable to find resource 'jaxen:jaxen:pom:1.1-beta-10' in repository central (http://repo1.maven.org/maven2)
[INFO] [compiler:compile {execution: default-compile}]
[INFO] Nothing to compile - all classes are up to date
[INFO] [resources:testResources {execution: default-testResources}]
[WARNING] Using platform encoding (Cp1252 actually) to copy filtered resources, i.e. build is platform dependent!
[INFO] skip non existing resourceDirectory D:\projects\CAQS\Development\Src\PmdFormatter\src\test\resources
[INFO] [compiler:testCompile {execution: default-testCompile}]
[INFO] No sources to compile
[INFO] [surefire:test {execution: default-test}]
[INFO] No tests to run.
[INFO] [jar:jar {execution: default-jar}]
[INFO] [install:install {execution: default-install}]
[INFO] Installing D:\projects\CAQS\Development\Src\PmdFormatter\target\pmdformatter-1.0.jar to C:\Users\cwfr-lizac\.m2\repository\caqs\pmdformatter\1.0\pmdformatter-1.0.jar
[INFO] ------------------------------------------------------------------------
[INFO] Building Applet ScatterPlot
[INFO]    task-segment: [install]
[INFO] ------------------------------------------------------------------------
[INFO] [resources:resources {execution: default-resources}]
[WARNING] Using platform encoding (Cp1252 actually) to copy filtered resources, i.e. build is platform dependent!
[INFO] skip non existing resourceDirectory D:\projects\CAQS\Development\Src\ScatterPlot\src\main\images
[INFO] skip non existing resourceDirectory D:\projects\CAQS\Development\Src\ScatterPlot\src\main\resources
[INFO] [compiler:compile {execution: default-compile}]
[INFO] Nothing to compile - all classes are up to date
[INFO] [resources:testResources {execution: default-testResources}]
[WARNING] Using platform encoding (Cp1252 actually) to copy filtered resources, i.e. build is platform dependent!
[INFO] skip non existing resourceDirectory D:\projects\CAQS\Development\Src\ScatterPlot\src\test\resources
[INFO] [compiler:testCompile {execution: default-testCompile}]
[INFO] No sources to compile
[INFO] [surefire:test {execution: default-test}]
[INFO] No tests to run.
[INFO] [jar:jar {execution: default-jar}]
[INFO] [install:install {execution: default-install}]
[INFO] Installing D:\projects\CAQS\Development\Src\ScatterPlot\target\scatterplot-applet-4.5.jar to C:\Users\cwfr-lizac\.m2\repository\caqs\scatterplot-applet\4.5\scatterplot-applet-4.5.jar
[INFO] ------------------------------------------------------------------------
[INFO] Building Security
[INFO]    task-segment: [install]
[INFO] ------------------------------------------------------------------------
[INFO] [resources:resources {execution: default-resources}]
[WARNING] Using platform encoding (Cp1252 actually) to copy filtered resources, i.e. build is platform dependent!
[INFO] Copying 0 resource
[INFO] skip non existing resourceDirectory D:\projects\CAQS\Development\Src\Security\src\main\resources
[INFO] [compiler:compile {execution: default-compile}]
[INFO] Nothing to compile - all classes are up to date
[INFO] [resources:testResources {execution: default-testResources}]
[WARNING] Using platform encoding (Cp1252 actually) to copy filtered resources, i.e. build is platform dependent!
[INFO] skip non existing resourceDirectory D:\projects\CAQS\Development\Src\Security\src\test\resources
[INFO] [compiler:testCompile {execution: default-testCompile}]
[INFO] No sources to compile
[INFO] [surefire:test {execution: default-test}]
[INFO] No tests to run.
[INFO] [jar:jar {execution: default-jar}]
[INFO] [install:install {execution: default-install}]
[INFO] Installing D:\projects\CAQS\Development\Src\Security\target\security-4.5.jar to C:\Users\cwfr-lizac\.m2\repository\caqs\security\4.5\security-4.5.jar
[INFO] ------------------------------------------------------------------------
[INFO] Building UserMgmt
[INFO]    task-segment: [install]
[INFO] ------------------------------------------------------------------------
[INFO] [resources:resources {execution: default-resources}]
[WARNING] Using platform encoding (Cp1252 actually) to copy filtered resources, i.e. build is platform dependent!
[INFO] Copying 1 resource
[WARNING] While downloading servletapi:servletapi:2.4
  This artifact has been relocated to javax.servlet:servlet-api:2.4.


[INFO] [compiler:compile {execution: default-compile}]
[INFO] Nothing to compile - all classes are up to date
[INFO] [resources:testResources {execution: default-testResources}]
[WARNING] Using platform encoding (Cp1252 actually) to copy filtered resources, i.e. build is platform dependent!
[INFO] skip non existing resourceDirectory D:\projects\CAQS\Development\Src\UserMgmt\src\test\resources
[INFO] [compiler:testCompile {execution: default-testCompile}]
[INFO] No sources to compile
[INFO] [surefire:test {execution: default-test}]
[INFO] No tests to run.
[INFO] [jar:jar {execution: default-jar}]
[INFO] [install:install {execution: default-install}]
[INFO] Installing D:\projects\CAQS\Development\Src\UserMgmt\target\usermgmt-4.5.jar to C:\Users\cwfr-lizac\.m2\repository\caqs\usermgmt\4.5\usermgmt-4.5.jar
[INFO] ------------------------------------------------------------------------
[INFO] Building SecurityViewer
[INFO]    task-segment: [install]
[INFO] ------------------------------------------------------------------------
[INFO] [resources:resources {execution: default-resources}]
[INFO] Using 'UTF-8' encoding to copy filtered resources.
[INFO] Copying 2 resources
[INFO] [compiler:compile {execution: default-compile}]
[INFO] Nothing to compile - all classes are up to date
[INFO] [resources:testResources {execution: default-testResources}]
[INFO] Using 'UTF-8' encoding to copy filtered resources.
[INFO] skip non existing resourceDirectory D:\projects\CAQS\Development\Src\SecurityViewer\src\test\resources
[INFO] [compiler:testCompile {execution: default-testCompile}]
[INFO] No sources to compile
[INFO] [surefire:test {execution: default-test}]
[INFO] No tests to run.
[INFO] [war:war {execution: default-war}]
[INFO] Packaging webapp
[INFO] Assembling webapp[securityviewer] in [D:\projects\CAQS\Development\Src\SecurityViewer\target\securityviewer-4.5]
[INFO] Dependency[Dependency {groupId=struts, artifactId=struts-core, version=1.3.8, type=jar}] has changed (was Dependency {groupId=struts, artifactId=struts-core, version=1.3.8, type=jar}).
[INFO] Dependency[Dependency {groupId=struts, artifactId=struts-taglib, version=1.3.8, type=jar}] has changed (was Dependency {groupId=struts, artifactId=struts-taglib, version=1.3.8, type=jar}).
[INFO] Processing war project
[INFO] Copying webapp resources[D:\projects\CAQS\Development\Src\SecurityViewer\src\main\webapps]
[INFO] Webapp assembled in[303 msecs]
[INFO] Building war: D:\projects\CAQS\Development\Src\SecurityViewer\target\securityviewer-4.5.war
[INFO] [install:install {execution: default-install}]
[INFO] Installing D:\projects\CAQS\Development\Src\SecurityViewer\target\securityviewer-4.5.war to C:\Users\cwfr-lizac\.m2\repository\caqs\securityviewer\4.5\securityviewer-4.5.war
[INFO] ------------------------------------------------------------------------
[INFO] Building XmlCalcul
[INFO]    task-segment: [install]
[INFO] ------------------------------------------------------------------------
[INFO] [resources:resources {execution: default-resources}]
[INFO] Using 'UTF-8' encoding to copy filtered resources.
[INFO] Copying 2 resources
[INFO] [compiler:compile {execution: default-compile}]
[INFO] Nothing to compile - all classes are up to date
[INFO] [resources:testResources {execution: default-testResources}]
[INFO] Using 'UTF-8' encoding to copy filtered resources.
[INFO] skip non existing resourceDirectory D:\projects\CAQS\Development\Src\XmlCalcul\src\test\resources
[INFO] [compiler:testCompile {execution: default-testCompile}]
[INFO] No sources to compile
[INFO] [surefire:test {execution: default-test}]
[INFO] No tests to run.
[INFO] [jar:jar {execution: default-jar}]
[INFO] [install:install {execution: default-install}]
[INFO] Installing D:\projects\CAQS\Development\Src\XmlCalcul\target\xmlcalcul-4.5.jar to C:\Users\cwfr-lizac\.m2\repository\caqs\xmlcalcul\4.5\xmlcalcul-4.5.jar
[INFO] ------------------------------------------------------------------------
[INFO] Building CaqsWorkFlow
[INFO]    task-segment: [install]
[INFO] ------------------------------------------------------------------------
[INFO] [resources:resources {execution: default-resources}]
[WARNING] Using platform encoding (Cp1252 actually) to copy filtered resources, i.e. build is platform dependent!
[INFO] Copying 3 resources
[INFO] [compiler:compile {execution: default-compile}]
[INFO] Nothing to compile - all classes are up to date
[INFO] [resources:testResources {execution: default-testResources}]
[WARNING] Using platform encoding (Cp1252 actually) to copy filtered resources, i.e. build is platform dependent!
[INFO] skip non existing resourceDirectory D:\projects\CAQS\Development\Src\CaqsWorkFlow\src\test\resources
[INFO] [compiler:testCompile {execution: default-testCompile}]
[INFO] No sources to compile
[INFO] [surefire:test {execution: default-test}]
[INFO] No tests to run.
[INFO] [jar:jar {execution: default-jar}]
[INFO] [install:install {execution: default-install}]
[INFO] Installing D:\projects\CAQS\Development\Src\CaqsWorkFlow\target\caqsworkflow-4.5.jar to C:\Users\cwfr-lizac\.m2\repository\caqs\caqsworkflow\4.5\caqsworkflow-4.5.jar
[INFO] ------------------------------------------------------------------------
[INFO] Building Caqs
[INFO]    task-segment: [install]
[INFO] ------------------------------------------------------------------------
[INFO] [resources:resources {execution: default-resources}]
[INFO] Using encoding: 'UTF-8' to copy filtered resources.
[WARNING] While downloading xerces:xerces:2.4.0
  This artifact has been relocated to xerces:xercesImpl:2.4.0.


[INFO] [compiler:compile {execution: default-compile}]
[INFO] Compiling 718 source files to D:\projects\CAQS\Development\Src\Base\target\classes
[INFO] [resources:testResources {execution: default-testResources}]
[INFO] Using encoding: 'UTF-8' to copy filtered resources.
[INFO] [compiler:testCompile {execution: default-testCompile}]
[INFO] Nothing to compile - all classes are up to date
[INFO] [surefire:test {execution: default-test}]
[INFO] No tests to run.
[INFO] [war:war {execution: default-war}]
[INFO] Packaging webapp
[INFO] Assembling webapp[carscode] in [D:\projects\CAQS\Development\Src\Base\target\carscode-4.5]
[INFO] Processing war project
[INFO] Copying webapp resources[D:\projects\CAQS\Development\Src\Base\src\main\webapps]
[INFO] Webapp assembled in[51055 msecs]
[INFO] Building war: D:\projects\CAQS\Development\Src\Base\target\carscode-4.5.war
[INFO] [dependency:copy {execution: default}]
[INFO] Configured Artifact: caqs:scatterplot-applet:4.5:jar
[INFO] Configured Artifact: caqs:graph-applet:4.5:jar
[INFO] Configured Artifact: org.netbeans:org-netbeans-api-visual:2.0:jar
[INFO] Configured Artifact: org.netbeans:org-openide-util:2.0:jar
[INFO] Configured Artifact: jfree:jfreechart:1.0.13:jar
[INFO] Configured Artifact: jfree:jcommon:1.0.16:jar
[INFO] Configured Artifact: commons-collections:commons-collections:3.2:jar
[INFO] Configured Artifact: caqs:architecture-applet:4.5:jar
[INFO] Configured Artifact: caqs:applet-factory:4.5:jar
[INFO] Copying scatterplot-applet-4.5.jar to D:\projects\CAQS\Development\Src\Base\target\carscode-4.5\applets\scatterplot-applet-4.5.jar
[INFO] Copying graph-applet-4.5.jar to D:\projects\CAQS\Development\Src\Base\target\carscode-4.5\applets\graph-applet-4.5.jar
[INFO] Copying org-netbeans-api-visual-2.0.jar to D:\projects\CAQS\Development\Src\Base\target\carscode-4.5\applets\org-netbeans-api-visual-2.0.jar
[INFO] Copying org-openide-util-2.0.jar to D:\projects\CAQS\Development\Src\Base\target\carscode-4.5\applets\org-openide-util-2.0.jar
[INFO] Copying jfreechart-1.0.13.jar to D:\projects\CAQS\Development\Src\Base\target\carscode-4.5\applets\jfreechart-1.0.13.jar
[INFO] Copying jcommon-1.0.16.jar to D:\projects\CAQS\Development\Src\Base\target\carscode-4.5\applets\jcommon-1.0.16.jar
[INFO] Copying commons-collections-3.2.jar to D:\projects\CAQS\Development\Src\Base\target\carscode-4.5\applets\commons-collections-3.2.jar
[INFO] Copying architecture-applet-4.5.jar to D:\projects\CAQS\Development\Src\Base\target\carscode-4.5\applets\architecture-applet-4.5.jar
[INFO] Copying applet-factory-4.5.jar to D:\projects\CAQS\Development\Src\Base\target\carscode-4.5\applets\applet-factory-4.5.jar
[INFO] [antrun:run {execution: default}]
[INFO] Executing tasks
   [delete] Deleting: D:\projects\CAQS\Development\Src\Base\target\carscode-4.5.war
     [echo] Setting ExtJS as not debug...
     [echo] Striping white spaces from JSP files...
     [echo] Filling about.js file...
      [zip] Building zip: D:\projects\CAQS\Development\Src\Base\target\carscode-4.5.war
[INFO] Executed tasks
[INFO] [install:install {execution: default-install}]
[INFO] Installing D:\projects\CAQS\Development\Src\Base\target\carscode-4.5.war to C:\Users\cwfr-lizac\.m2\repository\caqs\carscode\4.5\carscode-4.5.war
[INFO] ------------------------------------------------------------------------
[INFO] Building CAQS Solution
[INFO]    task-segment: [install]
[INFO] ------------------------------------------------------------------------
[INFO] [site:attach-descriptor {execution: default-attach-descriptor}]
[INFO] [install:install {execution: default-install}]
[INFO] Installing D:\projects\CAQS\Development\Src\pom.xml to C:\Users\cwfr-lizac\.m2\repository\compuware\Global\XXX\Global-XXX.pom
[INFO] 
[INFO] 
[INFO] ------------------------------------------------------------------------
[INFO] Reactor Summary:
[INFO] ------------------------------------------------------------------------
[INFO] Code2HTML ............................................. SUCCESS [11.128s]
[INFO] AntTask ............................................... SUCCESS [0.630s]
[INFO] AppletArchitecture .................................... SUCCESS [1.148s]
[INFO] Applet factory ........................................ SUCCESS [0.606s]
[INFO] ToolBox ............................................... SUCCESS [4.961s]
[INFO] DevEntreprise Plugin .................................. SUCCESS [1.163s]
[INFO] Devpartner Plugin ..................................... SUCCESS [0.360s]
[INFO] Generic Parser ........................................ SUCCESS [0.416s]
[INFO] Applet Graph .......................................... SUCCESS [1.892s]
[INFO] ImportExport .......................................... SUCCESS [1.107s]
[INFO] MetricExtractor ....................................... SUCCESS [0.421s]
[INFO] Metrics Generation .................................... SUCCESS [0.627s]
[INFO] AdvisorPlugin ......................................... SUCCESS [0.347s]
[INFO] ParserConnector ....................................... SUCCESS [0.611s]
[INFO] PmdFormatter .......................................... SUCCESS [1.034s]
[INFO] Applet ScatterPlot .................................... SUCCESS [0.574s]
[INFO] Security .............................................. SUCCESS [1.354s]
[INFO] UserMgmt .............................................. SUCCESS [0.396s]
[INFO] SecurityViewer ........................................ SUCCESS [3.847s]
[INFO] XmlCalcul ............................................. SUCCESS [1.429s]
[INFO] CaqsWorkFlow .......................................... SUCCESS [0.662s]
[INFO] Caqs .................................................. SUCCESS [2:00.473s]
[INFO] CAQS Solution ......................................... SUCCESS [5.589s]
[INFO] ------------------------------------------------------------------------
[INFO] ------------------------------------------------------------------------
[INFO] BUILD SUCCESSFUL
[INFO] ------------------------------------------------------------------------
[INFO] Total time: 2 minutes 42 seconds
[INFO] Finished at: Fri Nov 05 14:05:12 CET 2010
[INFO] Final Memory: 27M/63M
[INFO] ------------------------------------------------------------------------
